<?xml version="1.0" encoding="UTF-8"?>
<testsuite name="com.oracle.arrays.MultidimensionalTest" tests="2" skipped="0" failures="0" errors="0" timestamp="2022-09-10T21:50:58" hostname="LAPTOP-54J4I5KP" time="0.109">
  <properties/>
  <testcase name="getDataTest()" classname="com.oracle.arrays.MultidimensionalTest" time="0.101"/>
  <testcase name="getPositionTest()" classname="com.oracle.arrays.MultidimensionalTest" time="0.005"/>
  <system-out><![CDATA[]]></system-out>
  <system-err><![CDATA[]]></system-err>
</testsuite>
